<?xml version="1.0" encoding="UTF-8"?>
<testng-results ignored="0" total="1" passed="0" failed="1" skipped="0">
  <reporter-output>
  </reporter-output>
  <suite started-at="2022-01-17T20:49:54 IST" name="Default suite" finished-at="2022-01-17T20:49:55 IST" duration-ms="378">
    <groups>
    </groups>
    <test started-at="2022-01-17T20:49:54 IST" name="Default test" finished-at="2022-01-17T20:49:55 IST" duration-ms="378">
      <class name="Amazon.Login">
        <test-method signature="login()[pri:0, instance:Amazon.Login@741a8937]" started-at="2022-01-17T20:49:54 IST" name="login" finished-at="2022-01-17T20:49:55 IST" duration-ms="297" status="FAIL">
          <exception class="java.lang.NoClassDefFoundError">
            <message>
              <![CDATA[org/slf4j/LoggerFactory]]>
            </message>
            <full-stacktrace>
              <![CDATA[java.lang.NoClassDefFoundError: org/slf4j/LoggerFactory
at org.asynchttpclient.DefaultAsyncHttpClient.<clinit>(DefaultAsyncHttpClient.java:49)
at org.asynchttpclient.Dsl.asyncHttpClient(Dsl.java:32)
at org.openqa.selenium.remote.http.netty.NettyClient.createHttpClient(NettyClient.java:114)
at org.openqa.selenium.remote.http.netty.NettyClient.<clinit>(NettyClient.java:57)
at org.openqa.selenium.remote.http.netty.NettyClient$Factory.createClient(NettyClient.java:163)
at org.openqa.selenium.remote.HttpCommandExecutor.<init>(HttpCommandExecutor.java:107)
at org.openqa.selenium.remote.HttpCommandExecutor.<init>(HttpCommandExecutor.java:94)
at org.openqa.selenium.remote.HttpCommandExecutor.<init>(HttpCommandExecutor.java:85)
at org.openqa.selenium.remote.service.DriverCommandExecutor.<init>(DriverCommandExecutor.java:77)
at org.openqa.selenium.chromium.ChromiumDriverCommandExecutor.<init>(ChromiumDriverCommandExecutor.java:35)
at org.openqa.selenium.chrome.ChromeDriver$ChromeDriverCommandExecutor.<init>(ChromeDriver.java:111)
at org.openqa.selenium.chrome.ChromeDriver.<init>(ChromeDriver.java:104)
at org.openqa.selenium.chrome.ChromeDriver.<init>(ChromeDriver.java:91)
at org.openqa.selenium.chrome.ChromeDriver.<init>(ChromeDriver.java:46)
at Amazon.Login.login(Login.java:14)
at java.base/jdk.internal.reflect.NativeMethodAccessorImpl.invoke0(Native Method)
at java.base/jdk.internal.reflect.NativeMethodAccessorImpl.invoke(NativeMethodAccessorImpl.java:77)
at java.base/jdk.internal.reflect.DelegatingMethodAccessorImpl.invoke(DelegatingMethodAccessorImpl.java:43)
at java.base/java.lang.reflect.Method.invoke(Method.java:568)
at org.testng.internal.MethodInvocationHelper.invokeMethod(MethodInvocationHelper.java:133)
at org.testng.internal.TestInvoker.invokeMethod(TestInvoker.java:598)
at org.testng.internal.TestInvoker.invokeTestMethod(TestInvoker.java:173)
at org.testng.internal.MethodRunner.runInSequence(MethodRunner.java:46)
at org.testng.internal.TestInvoker$MethodInvocationAgent.invoke(TestInvoker.java:824)
at org.testng.internal.TestInvoker.invokeTestMethods(TestInvoker.java:146)
at org.testng.internal.TestMethodWorker.invokeTestMethods(TestMethodWorker.java:146)
at org.testng.internal.TestMethodWorker.run(TestMethodWorker.java:128)
at java.base/java.util.ArrayList.forEach(ArrayList.java:1511)
at org.testng.TestRunner.privateRun(TestRunner.java:794)
at org.testng.TestRunner.run(TestRunner.java:596)
at org.testng.SuiteRunner.runTest(SuiteRunner.java:377)
at org.testng.SuiteRunner.runSequentially(SuiteRunner.java:371)
at org.testng.SuiteRunner.privateRun(SuiteRunner.java:332)
at org.testng.SuiteRunner.run(SuiteRunner.java:276)
at org.testng.SuiteRunnerWorker.runSuite(SuiteRunnerWorker.java:53)
at org.testng.SuiteRunnerWorker.run(SuiteRunnerWorker.java:96)
at org.testng.TestNG.runSuitesSequentially(TestNG.java:1212)
at org.testng.TestNG.runSuitesLocally(TestNG.java:1134)
at org.testng.TestNG.runSuites(TestNG.java:1063)
at org.testng.TestNG.run(TestNG.java:1031)
at org.testng.remote.AbstractRemoteTestNG.run(AbstractRemoteTestNG.java:115)
at org.testng.remote.RemoteTestNG.initAndRun(RemoteTestNG.java:251)
at org.testng.remote.RemoteTestNG.main(RemoteTestNG.java:77)
Caused by: java.lang.ClassNotFoundException: org.slf4j.LoggerFactory
at java.base/jdk.internal.loader.BuiltinClassLoader.loadClass(BuiltinClassLoader.java:641)
at java.base/jdk.internal.loader.ClassLoaders$AppClassLoader.loadClass(ClassLoaders.java:188)
at java.base/java.lang.ClassLoader.loadClass(ClassLoader.java:520)
... 43 more
]]>
            </full-stacktrace>
          </exception> <!-- java.lang.NoClassDefFoundError -->
          <reporter-output>
          </reporter-output>
        </test-method> <!-- login -->
      </class> <!-- Amazon.Login -->
    </test> <!-- Default test -->
  </suite> <!-- Default suite -->
</testng-results>
